Setting up environment for HSPICE release I-2013.12
 
solvay
rm -f vj *.o Output.pgm
g++ -o main.o -c main.cpp 
g++ -o haar.o -c haar.cpp 
g++ -o image.o -c image.c
cc    -c -o stdio-wrapper.o stdio-wrapper.c
g++ -o rectangles.o -c rectangles.cpp 
g++ -o vj main.o haar.o image.o stdio-wrapper.o rectangles.o  -lrt 
./vj
-- entering main function --
-- loading image --

Reading image file: Face.pgm
-- loading cascade classifier --
-- detecting faces --
detecting faces, iter := 1
detecting faces, iter := 2
detecting faces, iter := 3
detecting faces, iter := 4
detecting faces, iter := 5
detecting faces, iter := 6
detecting faces, iter := 7
detecting faces, iter := 8
detecting faces, iter := 9
detecting faces, iter := 10
detecting faces, iter := 11
detecting faces, iter := 12
detecting faces, iter := 13
detecting faces, iter := 14
detecting faces, iter := 15
detecting faces, iter := 16
detecting faces, iter := 17
detecting faces, iter := 18
-- saving output --
-- image saved --
Main = 891116508
Main = 0.891116
 
dfb
rm -f vj *.o Output.pgm
g++ -o main.o -c main.cpp 
g++ -o haar.o -c haar.cpp 
g++ -o image.o -c image.c
cc    -c -o stdio-wrapper.o stdio-wrapper.c
g++ -o rectangles.o -c rectangles.cpp 
g++ -o vj main.o haar.o image.o stdio-wrapper.o rectangles.o  -lrt 
./vj
-- entering main function --
-- loading image --

Reading image file: Face.pgm
-- loading cascade classifier --
-- detecting faces --
detecting faces, iter := 1
detecting faces, iter := 2
detecting faces, iter := 3
detecting faces, iter := 4
detecting faces, iter := 5
detecting faces, iter := 6
detecting faces, iter := 7
detecting faces, iter := 8
detecting faces, iter := 9
detecting faces, iter := 10
detecting faces, iter := 11
detecting faces, iter := 12
detecting faces, iter := 13
detecting faces, iter := 14
detecting faces, iter := 15
detecting faces, iter := 16
detecting faces, iter := 17
-- saving output --
-- image saved --
Main = 428890075
Main = 0.428890
 
nasa
rm -f vj *.o Output.pgm
g++ -o main.o -c main.cpp 
g++ -o haar.o -c haar.cpp 
g++ -o image.o -c image.c
cc    -c -o stdio-wrapper.o stdio-wrapper.c
g++ -o rectangles.o -c rectangles.cpp 
g++ -o vj main.o haar.o image.o stdio-wrapper.o rectangles.o  -lrt 
./vj
-- entering main function --
-- loading image --

Reading image file: Face.pgm
-- loading cascade classifier --
-- detecting faces --
detecting faces, iter := 1
detecting faces, iter := 2
detecting faces, iter := 3
detecting faces, iter := 4
detecting faces, iter := 5
detecting faces, iter := 6
detecting faces, iter := 7
detecting faces, iter := 8
detecting faces, iter := 9
detecting faces, iter := 10
detecting faces, iter := 11
detecting faces, iter := 12
detecting faces, iter := 13
detecting faces, iter := 14
-- saving output --
-- image saved --
Main = 231475903
Main = 0.231476
